<?xml version="1.0" encoding="UTF-8"?>
<!-- Generated by org.testng.reporters.JUnitReportReporter -->
<testsuite hostname="Ripal" failures="0" tests="1" name="Advanced_Selenium.NewTest" time="0.004" errors="0" timestamp="2024-01-03T18:33:33 IST" skipped="0">
  <testcase classname="Advanced_Selenium.NewTest" name="f" time="0.004"/>
</testsuite> <!-- Advanced_Selenium.NewTest -->
